<?xml version="1.0" encoding="UTF-8" ?>
<testsuite errors="1" failures="0" hostname="airbears2-10-142-110-130.airbears2.1918.berkeley.edu" name="edu.cmu.is.grouper.dispatcher.util.TestConfiguration" skipped="0" tests="2" time="0.344" timestamp="2016-08-03T23:08:04">
  <properties>
[...]
</properties>
  <testcase classname="edu.cmu.is.grouper.dispatcher.util.TestConfiguration" name="testMatchingGroupsAndOps" time="0.266" />
  <testcase classname="edu.cmu.is.grouper.dispatcher.util.TestConfiguration" name="testMatchingGroups" time="0.006">
    <error message="each config entry must have 5 parts separated by | (pipe)! The bad line: App:oim:*|dev.apps.oim.groups| addMember, removeMember | json" type="edu.cmu.is.grouper.dispatcher.exceptions.BadConfigurationException">edu.cmu.is.grouper.dispatcher.exceptions.BadConfigurationException: each config entry must have 5 parts separated by | (pipe)! The bad line: App:oim:*|dev.apps.oim.groups| addMember, removeMember | json
	at edu.cmu.is.grouper.dispatcher.configuration.Configuration.loadConfiguration(Configuration.java:82)
	at edu.cmu.is.grouper.dispatcher.configuration.Configuration.checkIfNeedConfigReload(Configuration.java:138)
	at edu.cmu.is.grouper.dispatcher.configuration.Configuration.retrieveMatchingConfigurationsForGroup(Configuration.java:192)
	at edu.cmu.is.grouper.dispatcher.util.TestConfiguration.testMatchingGroups(TestConfiguration.java:62)
</error>
  </testcase>
  <system-out><![CDATA[Problem loading properties or initializing webapp - loading  grouperDispatcher.properties
**** testMatchingGroupsAndOps ******
path: /Users/jeffreym/code/Grouper-ActiveMQ-Provisioner/grouperDispatcher/target/test-classes
**** END testMatchingGroupsAndOps ******
**** testMatchingGroups ******
path: /Users/jeffreym/code/Grouper-ActiveMQ-Provisioner/grouperDispatcher/target/classes
]]></system-out>
  <system-err><![CDATA[log4j:ERROR setFile(null,true) call failed.
java.io.FileNotFoundException: /opt/grouperDispatcher/logs/groupDispatcher.log (No such file or directory)
	at java.io.FileOutputStream.open(Native Method)
	at java.io.FileOutputStream.<init>(FileOutputStream.java:221)
	at java.io.FileOutputStream.<init>(FileOutputStream.java:142)
	at org.apache.log4j.FileAppender.setFile(FileAppender.java:294)
	at org.apache.log4j.FileAppender.activateOptions(FileAppender.java:165)
	at org.apache.log4j.DailyRollingFileAppender.activateOptions(DailyRollingFileAppender.java:223)
	at org.apache.log4j.config.PropertySetter.activate(PropertySetter.java:307)
	at org.apache.log4j.xml.DOMConfigurator.parseAppender(DOMConfigurator.java:295)
	at org.apache.log4j.xml.DOMConfigurator.findAppenderByName(DOMConfigurator.java:176)
	at org.apache.log4j.xml.DOMConfigurator.findAppenderByReference(DOMConfigurator.java:191)
	at org.apache.log4j.xml.DOMConfigurator.parseChildrenOfLoggerElement(DOMConfigurator.java:523)
	at org.apache.log4j.xml.DOMConfigurator.parseCategory(DOMConfigurator.java:436)
	at org.apache.log4j.xml.DOMConfigurator.parse(DOMConfigurator.java:1004)
	at org.apache.log4j.xml.DOMConfigurator.doConfigure(DOMConfigurator.java:872)
	at org.apache.log4j.xml.DOMConfigurator.doConfigure(DOMConfigurator.java:778)
	at org.apache.log4j.helpers.OptionConverter.selectAndConfigure(OptionConverter.java:526)
	at org.apache.log4j.LogManager.<clinit>(LogManager.java:127)
	at org.apache.log4j.Logger.getLogger(Logger.java:104)
	at edu.cmu.is.grouper.dispatcher.configuration.Configuration.<init>(Configuration.java:48)
	at edu.cmu.is.grouper.dispatcher.configuration.Configuration.<clinit>(Configuration.java:34)
	at edu.cmu.is.grouper.dispatcher.util.TestConfiguration.setUp(TestConfiguration.java:21)
	at junit.framework.TestCase.runBare(TestCase.java:139)
	at junit.framework.TestResult$1.protect(TestResult.java:122)
	at junit.framework.TestResult.runProtected(TestResult.java:142)
	at junit.framework.TestResult.run(TestResult.java:125)
	at junit.framework.TestCase.run(TestCase.java:129)
	at junit.framework.TestSuite.runTest(TestSuite.java:255)
	at junit.framework.TestSuite.run(TestSuite.java:250)
	at org.apache.tools.ant.taskdefs.optional.junit.JUnitTestRunner.run(JUnitTestRunner.java:535)
	at org.apache.tools.ant.taskdefs.optional.junit.JUnitTestRunner.launch(JUnitTestRunner.java:1182)
	at org.apache.tools.ant.taskdefs.optional.junit.JUnitTestRunner.main(JUnitTestRunner.java:1033)
log4j:ERROR Either File or DatePattern options are not set for appender [NP].
]]></system-err>
</testsuite>
